<?xml version="1.0" encoding="UTF-8"?>
<testng-results ignored="0" total="1" passed="1" failed="0" skipped="0">
  <reporter-output>
  </reporter-output>
  <suite started-at="2023-03-23T18:17:33 IST" name="Suite" finished-at="2023-03-23T18:18:31 IST" duration-ms="58017">
    <groups>
    </groups>
    <test started-at="2023-03-23T18:17:33 IST" name="Test" finished-at="2023-03-23T18:18:31 IST" duration-ms="58017">
      <class name="TestCases.TestCase1myacc">
        <test-method is-config="true" signature="setup(java.lang.String)[pri:0, instance:TestCases.TestCase1myacc@689604d9]" started-at="2023-03-23T18:17:34 IST" name="setup" finished-at="2023-03-23T18:17:45 IST" duration-ms="10866" status="PASS">
          <params>
            <param index="0">
              <value>
                <![CDATA[edge]]>
              </value>
            </param>
          </params>
          <reporter-output>
          </reporter-output>
        </test-method> <!-- setup -->
        <test-method signature="MyAccount()[pri:0, instance:TestCases.TestCase1myacc@689604d9]" started-at="2023-03-23T18:17:45 IST" name="MyAccount" finished-at="2023-03-23T18:18:31 IST" duration-ms="46102" status="PASS">
          <reporter-output>
          </reporter-output>
        </test-method> <!-- MyAccount -->
        <test-method is-config="true" signature="TearDown()[pri:0, instance:TestCases.TestCase1myacc@689604d9]" started-at="2023-03-23T18:18:31 IST" name="TearDown" finished-at="2023-03-23T18:18:31 IST" duration-ms="450" status="PASS">
          <reporter-output>
          </reporter-output>
        </test-method> <!-- TearDown -->
      </class> <!-- TestCases.TestCase1myacc -->
    </test> <!-- Test -->
  </suite> <!-- Suite -->
</testng-results>
