<?xml version="1.0" encoding="UTF-8"?>
<testng-results ignored="0" total="1" passed="1" failed="0" skipped="0">
  <reporter-output>
  </reporter-output>
  <suite started-at="2023-03-17T14:09:18 IST" name="Suite" finished-at="2023-03-17T14:10:15 IST" duration-ms="56355">
    <groups>
    </groups>
    <test started-at="2023-03-17T14:09:18 IST" name="Test" finished-at="2023-03-17T14:10:15 IST" duration-ms="56355">
      <class name="TestCases.TestCase1myacc">
        <test-method is-config="true" signature="setup(java.lang.String)[pri:0, instance:TestCases.TestCase1myacc@10683d9d]" started-at="2023-03-17T14:09:19 IST" name="setup" finished-at="2023-03-17T14:09:29 IST" duration-ms="10091" status="PASS">
          <params>
            <param index="0">
              <value>
                <![CDATA[edge]]>
              </value>
            </param>
          </params>
          <reporter-output>
          </reporter-output>
        </test-method> <!-- setup -->
        <test-method signature="MyAccount()[pri:0, instance:TestCases.TestCase1myacc@10683d9d]" started-at="2023-03-17T14:09:29 IST" name="MyAccount" finished-at="2023-03-17T14:10:14 IST" duration-ms="44925" status="PASS">
          <reporter-output>
          </reporter-output>
        </test-method> <!-- MyAccount -->
        <test-method is-config="true" signature="TearDown()[pri:0, instance:TestCases.TestCase1myacc@10683d9d]" started-at="2023-03-17T14:10:14 IST" name="TearDown" finished-at="2023-03-17T14:10:15 IST" duration-ms="485" status="PASS">
          <reporter-output>
          </reporter-output>
        </test-method> <!-- TearDown -->
      </class> <!-- TestCases.TestCase1myacc -->
    </test> <!-- Test -->
  </suite> <!-- Suite -->
</testng-results>
