<?xml version="1.0" encoding="UTF-8"?>
<testng-results ignored="0" total="5" passed="4" failed="1" skipped="0">
  <reporter-output>
  </reporter-output>
  <suite started-at="2023-04-01T20:29:42 IST" name="Suite" finished-at="2023-04-01T20:33:31 IST" duration-ms="229531">
    <groups>
    </groups>
    <test started-at="2023-04-01T20:29:42 IST" name="Test" finished-at="2023-04-01T20:33:31 IST" duration-ms="229531">
      <class name="TestCases.TestCase3SearchProduct">
        <test-method is-config="true" signature="setup(java.lang.String)[pri:0, instance:TestCases.TestCase3SearchProduct@302552ec]" started-at="2023-04-01T20:31:11 IST" name="setup" finished-at="2023-04-01T20:31:17 IST" duration-ms="5754" status="PASS">
          <params>
            <param index="0">
              <value>
                <![CDATA[chrome]]>
              </value>
            </param>
          </params>
          <reporter-output>
          </reporter-output>
        </test-method> <!-- setup -->
        <test-method signature="SearchProduct()[pri:0, instance:TestCases.TestCase3SearchProduct@302552ec]" started-at="2023-04-01T20:31:17 IST" name="SearchProduct" finished-at="2023-04-01T20:31:46 IST" duration-ms="28323" status="PASS">
          <reporter-output>
          </reporter-output>
        </test-method> <!-- SearchProduct -->
        <test-method is-config="true" signature="TearDown()[pri:0, instance:TestCases.TestCase3SearchProduct@302552ec]" started-at="2023-04-01T20:31:46 IST" name="TearDown" finished-at="2023-04-01T20:31:46 IST" duration-ms="436" status="PASS">
          <reporter-output>
          </reporter-output>
        </test-method> <!-- TearDown -->
      </class> <!-- TestCases.TestCase3SearchProduct -->
      <class name="TestCases.TestCase1myacc">
        <test-method is-config="true" signature="setup(java.lang.String)[pri:0, instance:TestCases.TestCase1myacc@198b6731]" started-at="2023-04-01T20:29:42 IST" name="setup" finished-at="2023-04-01T20:29:54 IST" duration-ms="11280" status="PASS">
          <params>
            <param index="0">
              <value>
                <![CDATA[chrome]]>
              </value>
            </param>
          </params>
          <reporter-output>
          </reporter-output>
        </test-method> <!-- setup -->
        <test-method signature="MyAccount()[pri:0, instance:TestCases.TestCase1myacc@198b6731]" started-at="2023-04-01T20:29:54 IST" name="MyAccount" finished-at="2023-04-01T20:30:40 IST" duration-ms="46141" status="PASS">
          <reporter-output>
          </reporter-output>
        </test-method> <!-- MyAccount -->
        <test-method is-config="true" signature="TearDown()[pri:0, instance:TestCases.TestCase1myacc@198b6731]" started-at="2023-04-01T20:30:40 IST" name="TearDown" finished-at="2023-04-01T20:30:40 IST" duration-ms="454" status="PASS">
          <reporter-output>
          </reporter-output>
        </test-method> <!-- TearDown -->
      </class> <!-- TestCases.TestCase1myacc -->
      <class name="TestCases.TestCase5AddtoCompare">
        <test-method is-config="true" signature="setup(java.lang.String)[pri:0, instance:TestCases.TestCase5AddtoCompare@40005471]" started-at="2023-04-01T20:32:34 IST" name="setup" finished-at="2023-04-01T20:32:43 IST" duration-ms="9214" status="PASS">
          <params>
            <param index="0">
              <value>
                <![CDATA[chrome]]>
              </value>
            </param>
          </params>
          <reporter-output>
          </reporter-output>
        </test-method> <!-- setup -->
        <test-method signature="AddtoCompare()[pri:0, instance:TestCases.TestCase5AddtoCompare@40005471]" started-at="2023-04-01T20:32:43 IST" name="AddtoCompare" finished-at="2023-04-01T20:33:31 IST" duration-ms="47507" status="PASS">
          <reporter-output>
          </reporter-output>
        </test-method> <!-- AddtoCompare -->
        <test-method is-config="true" signature="TearDown()[pri:0, instance:TestCases.TestCase5AddtoCompare@40005471]" started-at="2023-04-01T20:33:31 IST" name="TearDown" finished-at="2023-04-01T20:33:31 IST" duration-ms="448" status="PASS">
          <reporter-output>
          </reporter-output>
        </test-method> <!-- TearDown -->
      </class> <!-- TestCases.TestCase5AddtoCompare -->
      <class name="TestCases.TestCase2Verifylogin">
        <test-method is-config="true" signature="setup(java.lang.String)[pri:0, instance:TestCases.TestCase2Verifylogin@26794848]" started-at="2023-04-01T20:30:40 IST" name="setup" finished-at="2023-04-01T20:30:47 IST" duration-ms="6733" status="PASS">
          <params>
            <param index="0">
              <value>
                <![CDATA[chrome]]>
              </value>
            </param>
          </params>
          <reporter-output>
          </reporter-output>
        </test-method> <!-- setup -->
        <test-method signature="Login()[pri:0, instance:TestCases.TestCase2Verifylogin@26794848]" started-at="2023-04-01T20:30:47 IST" name="Login" finished-at="2023-04-01T20:31:11 IST" duration-ms="24021" status="PASS">
          <reporter-output>
          </reporter-output>
        </test-method> <!-- Login -->
        <test-method is-config="true" signature="TearDown()[pri:0, instance:TestCases.TestCase2Verifylogin@26794848]" started-at="2023-04-01T20:31:11 IST" name="TearDown" finished-at="2023-04-01T20:31:11 IST" duration-ms="361" status="PASS">
          <reporter-output>
          </reporter-output>
        </test-method> <!-- TearDown -->
      </class> <!-- TestCases.TestCase2Verifylogin -->
      <class name="TestCases.TestCase4BuyProduct">
        <test-method is-config="true" signature="setup(java.lang.String)[pri:0, instance:TestCases.TestCase4BuyProduct@3d285d7e]" started-at="2023-04-01T20:31:46 IST" name="setup" finished-at="2023-04-01T20:31:52 IST" duration-ms="5884" status="PASS">
          <params>
            <param index="0">
              <value>
                <![CDATA[chrome]]>
              </value>
            </param>
          </params>
          <reporter-output>
          </reporter-output>
        </test-method> <!-- setup -->
        <test-method signature="BuyProduct()[pri:0, instance:TestCases.TestCase4BuyProduct@3d285d7e]" started-at="2023-04-01T20:31:52 IST" name="BuyProduct" finished-at="2023-04-01T20:32:33 IST" duration-ms="41440" status="FAIL">
          <exception class="org.openqa.selenium.ElementNotInteractableException">
            <message>
              <![CDATA[element not interactable
  (Session info: chrome=111.0.5563.147)
Build info: version: '4.8.1', revision: '8ebccac989'
System info: os.name: 'Windows 11', os.arch: 'amd64', os.version: '10.0', java.version: '17.0.2'
Driver info: org.openqa.selenium.chrome.ChromeDriver
Command: [484ddc1b10be38224c665a43ec0d0b24, clickElement {id=bc3281c4-db60-4640-8782-32f504b5fec1}]
Capabilities {acceptInsecureCerts: false, browserName: chrome, browserVersion: 111.0.5563.147, chrome: {chromedriverVersion: 111.0.5563.64 (c710e93d5b63..., userDataDir: C:\Users\CHANDAN\AppData\Lo...}, goog:chromeOptions: {debuggerAddress: localhost:52039}, networkConnectionEnabled: false, pageLoadStrategy: normal, platformName: WINDOWS, proxy: Proxy(), se:cdp: ws://localhost:52039/devtoo..., se:cdpVersion: 111.0.5563.147, setWindowRect: true, strictFileInteractability: false, timeouts: {implicit: 0, pageLoad: 300000, script: 30000}, unhandledPromptBehavior: dismiss and notify, webauthn:extension:credBlob: true, webauthn:extension:largeBlob: true, webauthn:extension:minPinLength: true, webauthn:extension:prf: true, webauthn:virtualAuthenticators: true}
Element: [[ChromeDriver: chrome on WINDOWS (484ddc1b10be38224c665a43ec0d0b24)] -> xpath: //a[@class='btn btn-default button-plus product_quantity_up']//span]
Session ID: 484ddc1b10be38224c665a43ec0d0b24]]>
            </message>
            <full-stacktrace>
              <![CDATA[org.openqa.selenium.ElementNotInteractableException: element not interactable
  (Session info: chrome=111.0.5563.147)
Build info: version: '4.8.1', revision: '8ebccac989'
System info: os.name: 'Windows 11', os.arch: 'amd64', os.version: '10.0', java.version: '17.0.2'
Driver info: org.openqa.selenium.chrome.ChromeDriver
Command: [484ddc1b10be38224c665a43ec0d0b24, clickElement {id=bc3281c4-db60-4640-8782-32f504b5fec1}]
Capabilities {acceptInsecureCerts: false, browserName: chrome, browserVersion: 111.0.5563.147, chrome: {chromedriverVersion: 111.0.5563.64 (c710e93d5b63..., userDataDir: C:\Users\CHANDAN\AppData\Lo...}, goog:chromeOptions: {debuggerAddress: localhost:52039}, networkConnectionEnabled: false, pageLoadStrategy: normal, platformName: WINDOWS, proxy: Proxy(), se:cdp: ws://localhost:52039/devtoo..., se:cdpVersion: 111.0.5563.147, setWindowRect: true, strictFileInteractability: false, timeouts: {implicit: 0, pageLoad: 300000, script: 30000}, unhandledPromptBehavior: dismiss and notify, webauthn:extension:credBlob: true, webauthn:extension:largeBlob: true, webauthn:extension:minPinLength: true, webauthn:extension:prf: true, webauthn:virtualAuthenticators: true}
Element: [[ChromeDriver: chrome on WINDOWS (484ddc1b10be38224c665a43ec0d0b24)] -> xpath: //a[@class='btn btn-default button-plus product_quantity_up']//span]
Session ID: 484ddc1b10be38224c665a43ec0d0b24
at java.base/jdk.internal.reflect.NativeConstructorAccessorImpl.newInstance0(Native Method)
at java.base/jdk.internal.reflect.NativeConstructorAccessorImpl.newInstance(NativeConstructorAccessorImpl.java:77)
at java.base/jdk.internal.reflect.DelegatingConstructorAccessorImpl.newInstance(DelegatingConstructorAccessorImpl.java:45)
at java.base/java.lang.reflect.Constructor.newInstanceWithCaller(Constructor.java:499)
at java.base/java.lang.reflect.Constructor.newInstance(Constructor.java:480)
at org.openqa.selenium.remote.codec.w3c.W3CHttpResponseCodec.createException(W3CHttpResponseCodec.java:200)
at org.openqa.selenium.remote.codec.w3c.W3CHttpResponseCodec.decode(W3CHttpResponseCodec.java:133)
at org.openqa.selenium.remote.codec.w3c.W3CHttpResponseCodec.decode(W3CHttpResponseCodec.java:53)
at org.openqa.selenium.remote.HttpCommandExecutor.execute(HttpCommandExecutor.java:184)
at org.openqa.selenium.remote.service.DriverCommandExecutor.invokeExecute(DriverCommandExecutor.java:167)
at org.openqa.selenium.remote.service.DriverCommandExecutor.execute(DriverCommandExecutor.java:142)
at org.openqa.selenium.remote.RemoteWebDriver.execute(RemoteWebDriver.java:543)
at org.openqa.selenium.remote.RemoteWebElement.execute(RemoteWebElement.java:257)
at org.openqa.selenium.remote.RemoteWebElement.click(RemoteWebElement.java:78)
at java.base/jdk.internal.reflect.NativeMethodAccessorImpl.invoke0(Native Method)
at java.base/jdk.internal.reflect.NativeMethodAccessorImpl.invoke(NativeMethodAccessorImpl.java:77)
at java.base/jdk.internal.reflect.DelegatingMethodAccessorImpl.invoke(DelegatingMethodAccessorImpl.java:43)
at java.base/java.lang.reflect.Method.invoke(Method.java:568)
at org.openqa.selenium.support.pagefactory.internal.LocatingElementHandler.invoke(LocatingElementHandler.java:52)
at jdk.proxy2/jdk.proxy2.$Proxy33.click(Unknown Source)
at PageObject.FadedtshirtPage.ClickPluse(FadedtshirtPage.java:20)
at TestCases.TestCase4BuyProduct.BuyProduct(TestCase4BuyProduct.java:49)
at java.base/jdk.internal.reflect.NativeMethodAccessorImpl.invoke0(Native Method)
at java.base/jdk.internal.reflect.NativeMethodAccessorImpl.invoke(NativeMethodAccessorImpl.java:77)
at java.base/jdk.internal.reflect.DelegatingMethodAccessorImpl.invoke(DelegatingMethodAccessorImpl.java:43)
at java.base/java.lang.reflect.Method.invoke(Method.java:568)
at org.testng.internal.invokers.MethodInvocationHelper.invokeMethod(MethodInvocationHelper.java:139)
at org.testng.internal.invokers.TestInvoker.invokeMethod(TestInvoker.java:677)
at org.testng.internal.invokers.TestInvoker.invokeTestMethod(TestInvoker.java:221)
at org.testng.internal.invokers.MethodRunner.runInSequence(MethodRunner.java:50)
at org.testng.internal.invokers.TestInvoker$MethodInvocationAgent.invoke(TestInvoker.java:969)
at org.testng.internal.invokers.TestInvoker.invokeTestMethods(TestInvoker.java:194)
at org.testng.internal.invokers.TestMethodWorker.invokeTestMethods(TestMethodWorker.java:148)
at org.testng.internal.invokers.TestMethodWorker.run(TestMethodWorker.java:128)
at java.base/java.util.ArrayList.forEach(ArrayList.java:1511)
at org.testng.TestRunner.privateRun(TestRunner.java:829)
at org.testng.TestRunner.run(TestRunner.java:602)
at org.testng.SuiteRunner.runTest(SuiteRunner.java:437)
at org.testng.SuiteRunner.runSequentially(SuiteRunner.java:431)
at org.testng.SuiteRunner.privateRun(SuiteRunner.java:391)
at org.testng.SuiteRunner.run(SuiteRunner.java:330)
at org.testng.SuiteRunnerWorker.runSuite(SuiteRunnerWorker.java:52)
at org.testng.SuiteRunnerWorker.run(SuiteRunnerWorker.java:95)
at org.testng.TestNG.runSuitesSequentially(TestNG.java:1256)
at org.testng.TestNG.runSuitesLocally(TestNG.java:1176)
at org.testng.TestNG.runSuites(TestNG.java:1099)
at org.testng.TestNG.run(TestNG.java:1067)
at org.testng.remote.AbstractRemoteTestNG.run(AbstractRemoteTestNG.java:115)
at org.testng.remote.RemoteTestNG.initAndRun(RemoteTestNG.java:251)
at org.testng.remote.RemoteTestNG.main(RemoteTestNG.java:77)
]]>
            </full-stacktrace>
          </exception> <!-- org.openqa.selenium.ElementNotInteractableException -->
          <reporter-output>
          </reporter-output>
        </test-method> <!-- BuyProduct -->
        <test-method is-config="true" signature="TearDown()[pri:0, instance:TestCases.TestCase4BuyProduct@3d285d7e]" started-at="2023-04-01T20:32:34 IST" name="TearDown" finished-at="2023-04-01T20:32:34 IST" duration-ms="444" status="PASS">
          <reporter-output>
          </reporter-output>
        </test-method> <!-- TearDown -->
      </class> <!-- TestCases.TestCase4BuyProduct -->
    </test> <!-- Test -->
  </suite> <!-- Suite -->
</testng-results>
